Welcome to the XWin X Server
Vendor: Moba/X
Release: 1.20.4.0
OS: Windows 10  [Windows NT 10.0 build 19043] (WoW64)
Package: version  built 2019-03-16

XWin was started with the following command line:

C:\Users\Geane\DOCUME~1\MobaXterm\slash\bin\XWin_MobaX.exe 
 -silent-dup-error -notrayicon -nolisten inet6 -hostintitle +bs 
 -clipboard -nowgl -multiwindow -noreset :0 

ddxProcessArgument - Initializing default screens
winInitializeScreenDefaults - primary monitor w 1920 h 1080
winInitializeScreenDefaults - native DPI x 96 y 96
(==) FontPath set to /usr/share/fonts/misc/
(==) FontPath set to C:\Users\Geane\DOCUME~1\MobaXterm\slash/usr/share/fonts/misc/
(==) FontPath set to /usr/share/fonts/TTF/
(==) FontPath set to C:\Users\Geane\DOCUME~1\MobaXterm\slash/usr/share/fonts/TTF/
(==) FontPath set to /usr/share/fonts/OTF/
(==) FontPath set to C:\Users\Geane\DOCUME~1\MobaXterm\slash/usr/share/fonts/OTF/
(==) FontPath set to /usr/share/fonts/Type1/
(==) FontPath set to C:\Users\Geane\DOCUME~1\MobaXterm\slash/usr/share/fonts/Type1/
(==) FontPath set to /usr/share/fonts/100dpi/
(==) FontPath set to C:\Users\Geane\DOCUME~1\MobaXterm\slash/usr/share/fonts/100dpi/
(==) FontPath set to /usr/share/fonts/75dpi/
(==) FontPath set to C:\Users\Geane\DOCUME~1\MobaXterm\slash/usr/share/fonts/75dpi/
(==) FontPath set to "C:\Users\Geane\DOCUME~1\MobaXterm\slash/usr/share/fonts/misc/,C:\Users\Geane\DOCUME~1\MobaXterm\slash/usr/share/fonts/TTF/,C:\Users\Geane\DOCUME~1\MobaXterm\slash/usr/share/fonts/OTF/,C:\Users\Geane\DOCUME~1\MobaXterm\slash/usr/share/fonts/Type1/,C:\Users\Geane\DOCUME~1\MobaXterm\slash/usr/share/fonts/100dpi/,C:\Users\Geane\DOCUME~1\MobaXterm\slash/usr/share/fonts/75dpi/"
(==) Setting XKEYSYMDB path to XKEYSYMDB=C:\Users\Geane\DOCUME~1\MobaXterm\slash\usr\share\X11\XKeysymDB
(==) Setting XERRORDB path to XERRORDB=C:\Users\Geane\DOCUME~1\MobaXterm\slash\usr\share\X11\XErrorDB
(==) Setting XLOCALEDIR path to XLOCALEDIR=C:\Users\Geane\DOCUME~1\MobaXterm\slash\usr\share\X11\locale
(==) Logfile set to "C:\Users\Geane\DOCUME~1\MobaXterm\slash\var\log\xwin\XWin.0.log"
(==) Setting XKB path to C:\Users\Geane\DOCUME~1\MobaXterm\slash\usr\share\X11\xkb
[160401.796] winDetectSupportedEngines - RemoteSession: no
[160401.890] winDetectSupportedEngines - DirectDraw4 installed, allowing ShadowDDNL
[160401.890] winDetectSupportedEngines - Returning, supported engines 00000005
[160401.890] winSetEngine - Multi Window or Rootless => ShadowGDI
[160401.890] winScreenInit - Using Windows display depth of 32 bits per pixel
[160401.906] winAllocateFBShadowGDI - Creating DIB with width: 1920 height: 1080 depth: 32
[160401.906] winFinishScreenInitFB - Masks: 00ff0000 0000ff00 000000ff
[160401.906] winInitVisualsShadowGDI - Masks 00ff0000 0000ff00 000000ff BPRGB 8 d 24 bpp 32
[160401.953] (II) IGLX: Loaded and initialized swrast
[160401.953] (II) GLX: Initialized DRISWRAST GL provider for screen 0
[160402.062] (II) [XKB]  "C:\Users\Geane\DOCUME~1\MobaXterm\slash\var\log\xwin\xkb_a15700" file successfully created.
[160402.062] (II) [XKB]  Launching xkbcomp.exe with the following command:
[160402.062] (II) [XKB]  "C:\Users\Geane\DOCUME~1\MobaXterm\slash\bin\xkbcomp_w32.exe" -w 1 "-RC:\Users\Geane\DOCUME~1\MobaXterm\slash\usr\share\X11\xkb" -xkm "C:\Users\Geane\DOCUME~1\MobaXterm\slash\var\log\xwin\xkb_a15700" -em1 "The XKEYBOARD keymap compiler (xkbcomp) reports:" -emp "> " -eml "Errors from xkbcomp are not fatal to the X server" "C:\Users\Geane\DOCUME~1\MobaXterm\slash\var\log\xwin\server-0.xkm"
[160402.062] (II) [XKB]  LaunchXkbComp(II) :  succeeded
[160402.359] (II) [XKB]  Successfully created keyboard mapping file "C:\Users\Geane\DOCUME~1\MobaXterm\slash\var\log\xwin\xkb_a15700"
[160402.375] winPointerWarpCursor - Discarding first warp: 960 540
[160402.375] (--) 5 mouse buttons found
[160402.375] (--) Setting autorepeat to delay=500, rate=31
[160402.375] (--) Windows keyboard layout: "00000416" (00000416) "Portuguese (Brazilian ABNT)", type 4
[160402.375] (--) Found matching XKB configuration "Portuguese (Brazil,ABNT)"
[160402.375] (--) Model = "pc105" Layout = "br" Variant = "none" Options = "none"
[160402.375] Rules = "base" Model = "pc105" Layout = "br" Variant = "none" Options = "none"
[160402.375] (II) [XKB]  "C:\Users\Geane\DOCUME~1\MobaXterm\slash\var\log\xwin\xkb_a15700" file successfully created.
[160402.375] (II) [XKB]  Launching xkbcomp.exe with the following command:
[160402.375] (II) [XKB]  "C:\Users\Geane\DOCUME~1\MobaXterm\slash\bin\xkbcomp_w32.exe" -w 1 "-RC:\Users\Geane\DOCUME~1\MobaXterm\slash\usr\share\X11\xkb" -xkm "C:\Users\Geane\DOCUME~1\MobaXterm\slash\var\log\xwin\xkb_a15700" -em1 "The XKEYBOARD keymap compiler (xkbcomp) reports:" -emp "> " -eml "Errors from xkbcomp are not fatal to the X server" "C:\Users\Geane\DOCUME~1\MobaXterm\slash\var\log\xwin\server-0.xkm"
[160402.375] (II) [XKB]  LaunchXkbComp(II) :  succeeded
[160402.687] (II) [XKB]  Successfully created keyboard mapping file "C:\Users\Geane\DOCUME~1\MobaXterm\slash\var\log\xwin\xkb_a15700"
[160402.703] winInitMultiWindowWM - DISPLAY=127.0.0.1:0.0
[160402.703] winMultiWindowXMsgProc - DISPLAY=127.0.0.1:0.0
[160402.703] winInitMultiWindowWM - xcb_connect () returned and successfully opened the display.
[160402.703] winProcEstablishConnection - winInitClipboard returned.
[160402.703] winClipboardThreadProc - DISPLAY=127.0.0.1:0.0
[160402.703] winMultiWindowXMsgProc - xcb_connect() returned and successfully opened the display.
[160402,703] Using Composite redirection
[160402.718] OS maintains clipboard viewer chain: yes
[160402.718] winClipboardProc - XOpenDisplay () returned and successfully opened the display.
[160405.125] winWindowProc - WM_EXITSIZEMOVE
