01/31/2022 11:12:32 Guardião Itaú, versão 2.1.0 Descrição do processo de instalação do Guardião. As informações contidas nesse documento poderão ser solicitadas pela central de atendimento caso ocorra um erro no processo de instalação. A exclusão desse documento não acarreta nenhum problema de performance na sua máquina.
01/31/2022 11:12:32 2.8.2.3
01/31/2022 11:12:32 Usuário: Geane(Administrador)
01/31/2022 11:12:32 Versão do Sistema Operacional: 6.2.9200
01/31/2022 11:12:32 64 Bits: true
01/31/2022 11:12:32  92.0.0.7916 ( 92.0 )
01/31/2022 11:12:32 UAC: Ativado
01/31/2022 11:12:32 Verificando se Firefox está instalado...
01/31/2022 11:12:32 Firefox instalado, ajustando configurações necessárias...
01/31/2022 11:12:32 [Ativação do TLS no Windows] Verificando...
01/31/2022 11:12:32 [Ativação do TLS no Windows] Corrigindo TLS.
01/31/2022 11:12:32 [Ativação do TLS no Windows] Ok.
01/31/2022 11:12:32 [Configurações gerais] Verificando...
01/31/2022 11:12:32 [Configurações gerais] Ok.
01/31/2022 11:12:32 [Instalação de certificados raiz] Verificando...
01/31/2022 11:12:32 [Instalação de certificados raiz] Efetuando download ...
01/31/2022 11:12:34 [Instalação de certificados raiz] Instalando...
01/31/2022 11:12:34 [Instalação de certificados raiz] Ok.
01/31/2022 11:12:34 [Configurações gerais] Verificando...
01/31/2022 11:12:34 [Configurações gerais] Ok.
01/31/2022 11:12:34 [Configurações gerais] Verificando...
01/31/2022 11:12:34 [Configurações gerais] Limpando...
01/31/2022 11:12:34 [Configurações gerais] Ok.
01/31/2022 11:12:34 [Executando a instalação do Guardião] Verificando...
01/31/2022 11:12:34 [Executando a instalação do Guardião] Efetuando download ...
01/31/2022 11:12:38 [Executando a instalação do Guardião] Instalando...
01/31/2022 11:12:58 [Executando a instalação do Guardião] Ok.
01/31/2022 11:12:58 [Verificando arquivos do Guardião] Verificando...
01/31/2022 11:12:58 [Verificando arquivos do Guardião] Ok.
01/31/2022 11:12:58 [Instalando Cliente do Guardião] Verificando...
01/31/2022 11:13:11 [Instalando Cliente do Guardião] Instalando...
01/31/2022 11:13:20 [Instalando Cliente do Guardião] Ok.
01/31/2022 11:13:20 [Instalando certificado do Guardião] Verificando...
01/31/2022 11:13:20 [Instalando certificado do Guardião] Instalando...
01/31/2022 11:13:21 [Instalando certificado do Guardião] Ok.
01/31/2022 11:13:21 [Ajustando ambiente] Verificando...
01/31/2022 11:13:21 [Ajustando ambiente] Ok.
01/31/2022 11:13:21 [Atualizando listas] Verificando...
01/31/2022 11:13:21 [Atualizando listas] Ok.
01/31/2022 11:13:21 [Concluindo execucao] Verificando...
01/31/2022 11:13:24 [Concluindo execucao] CONCLUÍDO.
01/31/2022 11:13:24 CONCLUÍDO.
